ganBook/build/intermediates/manifest_merge_blame_file/ganbookRelease/manifest-merger-blame-ganbook-release-report.txt
1<?xml version="1.0" encoding="utf-8"?>
2<manifest xmlns:android="http://schemas.android.com/apk/res/android"
3    package="com.project.ganim"
4    android:versionCode="581"
5    android:versionName="78" >
6
7    <uses-sdk
8        android:minSdkVersion="24"
8-->src\main\AndroidManifest.xml
9        android:targetSdkVersion="32" />
9-->src\main\AndroidManifest.xml
10
11    <uses-permission android:name="android.permission.READ_EXTERNAL_STORAGE" />
11-->src\main\AndroidManifest.xml:7:5-80
11-->src\main\AndroidManifest.xml:7:22-77
12    <uses-permission android:name="android.permission.INTERNET" />
12-->src\main\AndroidManifest.xml:8:5-67
12-->src\main\AndroidManifest.xml:8:22-64
13    <uses-permission android:name="android.permission.ACCESS_NETWORK_STATE" />
13-->src\main\AndroidManifest.xml:9:5-79
13-->src\main\AndroidManifest.xml:9:22-76
14    <uses-permission android:name="android.permission.ACCESS_WIFI_STATE" />
14-->src\main\AndroidManifest.xml:10:5-76
14-->src\main\AndroidManifest.xml:10:22-73
15    <uses-permission android:name="android.permission.READ_PHONE_STATE" />
15-->src\main\AndroidManifest.xml:11:5-75
15-->src\main\AndroidManifest.xml:11:22-72
16    <uses-permission android:name="android.permission.WRITE_EXTERNAL_STORAGE" />
16-->src\main\AndroidManifest.xml:12:5-81
16-->src\main\AndroidManifest.xml:12:22-78
17    <uses-permission android:name="com.android.launcher.permission.INSTALL_SHORTCUT" />
17-->src\main\AndroidManifest.xml:13:5-88
17-->src\main\AndroidManifest.xml:13:22-85
18    <uses-permission android:name="android.permission.CAPTURE_VIDEO_OUTPUT" />
18-->src\main\AndroidManifest.xml:14:5-15:47
18-->src\main\AndroidManifest.xml:14:22-76
19    <uses-permission android:name="android.permission.VIBRATE" />
19-->src\main\AndroidManifest.xml:16:5-66
19-->src\main\AndroidManifest.xml:16:22-63
20    <uses-permission android:name="com.google.android.c2dm.permission.RECEIVE" />
20-->src\main\AndroidManifest.xml:17:5-82
20-->src\main\AndroidManifest.xml:17:22-79
21    <uses-permission android:name="android.permission.RECEIVE_BOOT_COMPLETED" />
21-->src\main\AndroidManifest.xml:18:5-81
21-->src\main\AndroidManifest.xml:18:22-78
22    <uses-permission android:name="android.permission.WAKE_LOCK" />
22-->src\main\AndroidManifest.xml:19:5-68
22-->src\main\AndroidManifest.xml:19:22-65
23
24    <permission
25        android:name="com.project.ganim.permission.C2D_MESSAGE"
25-->src\main\AndroidManifest.xml:22:9-63
26        android:protectionLevel="signature" />
26-->src\main\AndroidManifest.xml:23:9-44
27
28    <uses-permission android:name="com.project.ganim.permission.C2D_MESSAGE" />
28-->src\main\AndroidManifest.xml:25:22-76
29    <uses-permission android:name="android.permission.CAMERA" />
29-->src\main\AndroidManifest.xml:26:5-65
29-->src\main\AndroidManifest.xml:26:22-62
30
31    <uses-feature android:name="android.hardware.camera" />
31-->src\main\AndroidManifest.xml:28:5-60
31-->src\main\AndroidManifest.xml:28:19-57
32    <uses-feature android:name="android.hardware.camera.autofocus" /> <!-- BEGIN for Bagde lib -->
32-->src\main\AndroidManifest.xml:29:5-70
32-->src\main\AndroidManifest.xml:29:19-67
33    <uses-permission android:name="com.android.launcher.permission.READ_SETTINGS" />
33-->src\main\AndroidManifest.xml:30:5-85
33-->src\main\AndroidManifest.xml:30:22-82
34    <uses-permission android:name="com.android.launcher.permission.WRITE_SETTINGS" /> <!-- for Samsung -->
34-->src\main\AndroidManifest.xml:31:5-86
34-->src\main\AndroidManifest.xml:31:22-83
35    <uses-permission android:name="com.sec.android.provider.badge.permission.READ" />
35-->src\main\AndroidManifest.xml:32:5-86
35-->src\main\AndroidManifest.xml:32:22-83
36    <uses-permission android:name="com.sec.android.provider.badge.permission.WRITE" /> <!-- for htc -->
36-->src\main\AndroidManifest.xml:33:5-87
36-->src\main\AndroidManifest.xml:33:22-84
37    <uses-permission android:name="com.htc.launcher.permission.READ_SETTINGS" />
37-->src\main\AndroidManifest.xml:34:5-81
37-->src\main\AndroidManifest.xml:34:22-78
38    <uses-permission android:name="com.htc.launcher.permission.UPDATE_SHORTCUT" /> <!-- for sony -->
38-->src\main\AndroidManifest.xml:35:5-83
38-->src\main\AndroidManifest.xml:35:22-80
39    <uses-permission android:name="com.sonyericsson.home.permission.BROADCAST_BADGE" /> <!-- for apex -->
39-->src\main\AndroidManifest.xml:36:5-88
39-->src\main\AndroidManifest.xml:36:22-85
40    <uses-permission android:name="com.anddoes.launcher.permission.UPDATE_COUNT" />
40-->src\main\AndroidManifest.xml:37:5-84
40-->src\main\AndroidManifest.xml:37:22-81
41    <uses-permission android:name="android.permission.POST_NOTIFICATIONS" />
41-->[com.google.firebase:firebase-messaging:23.0.6] AndroidManifest.xml:26:5-77
41-->[com.google.firebase:firebase-messaging:23.0.6] AndroidManifest.xml:26:22-74
42    <uses-permission android:name="com.google.android.gms.permission.AD_ID" />
42-->[com.google.android.gms:play-services-measurement-api:21.0.0] AndroidManifest.xml:25:5-79
42-->[com.google.android.gms:play-services-measurement-api:21.0.0] AndroidManifest.xml:25:22-76
43    <uses-permission android:name="com.google.android.finsky.permission.BIND_GET_INSTALL_REFERRER_SERVICE" />
43-->[com.google.android.gms:play-services-measurement:21.0.0] AndroidManifest.xml:26:5-110
43-->[com.google.android.gms:play-services-measurement:21.0.0] AndroidManifest.xml:26:22-107
44
45    <permission
45-->[androidx.core:core:1.9.0-alpha05] AndroidManifest.xml:23:5-25:47
46        android:name="com.project.ganim.DYNAMIC_RECEIVER_NOT_EXPORTED_PERMISSION"
46-->[androidx.core:core:1.9.0-alpha05] AndroidManifest.xml:24:9-81
47        android:protectionLevel="signature" />
47-->[androidx.core:core:1.9.0-alpha05] AndroidManifest.xml:25:9-44
48
49    <uses-permission android:name="com.project.ganim.DYNAMIC_RECEIVER_NOT_EXPORTED_PERMISSION" />
49-->[androidx.core:core:1.9.0-alpha05] AndroidManifest.xml:27:5-97
49-->[androidx.core:core:1.9.0-alpha05] AndroidManifest.xml:27:22-94
50    <uses-permission android:name="android.permission.RECORD_AUDIO" />
50-->[com.kailashdabhi:om-recorder:1.1.5] AndroidManifest.xml:9:5-71
50-->[com.kailashdabhi:om-recorder:1.1.5] AndroidManifest.xml:9:22-68
51
52    <application
52-->src\main\AndroidManifest.xml:39:5-389:19
53        android:name="com.ganbook.app.MyApp"
53-->src\main\AndroidManifest.xml:40:9-45
54        android:allowBackup="true"
54-->[com.github.mjn1369:prettydialog:1.0.4] AndroidManifest.xml:11:18-44
55        android:appComponentFactory="androidx.core.app.CoreComponentFactory"
55-->[androidx.core:core:1.9.0-alpha05] AndroidManifest.xml:29:18-86
56        android:extractNativeLibs="true"
56-->src\main\AndroidManifest.xml:48:9-41
57        android:icon="@drawable/ic_launcher"
57-->src\main\AndroidManifest.xml:41:9-45
58        android:label="@string/app_name"
58-->src\main\AndroidManifest.xml:42:9-41
59        android:largeHeap="true"
59-->src\main\AndroidManifest.xml:43:9-33
60        android:requestLegacyExternalStorage="true"
60-->src\main\AndroidManifest.xml:46:9-52
61        android:supportsRtl="true"
61-->[com.irozon.sneaker:sneaker:1.0.3] AndroidManifest.xml:14:9-35
62        android:theme="@style/AppTheme"
62-->src\main\AndroidManifest.xml:44:9-40
63        android:usesCleartextTraffic="true" >
63-->src\main\AndroidManifest.xml:45:9-44
64        <activity android:name="com.ganbook.activities.MeetingEventListActivity" />
64-->src\main\AndroidManifest.xml:50:9-84
64-->src\main\AndroidManifest.xml:50:19-81
65        <activity android:name="com.ganbook.activities.MeetingAttendees" />
65-->src\main\AndroidManifest.xml:51:9-76
65-->src\main\AndroidManifest.xml:51:19-73
66
67        <uses-library
67-->src\main\AndroidManifest.xml:53:9-55:40
68            android:name="org.apache.http.legacy"
68-->src\main\AndroidManifest.xml:54:13-50
69            android:required="false" />
69-->src\main\AndroidManifest.xml:55:13-37
70
71        <activity
71-->src\main\AndroidManifest.xml:57:9-63:63
72            android:name="com.ganbook.activities.EntryScreenActivity"
72-->src\main\AndroidManifest.xml:58:13-70
73            android:label="@string/app_name"
73-->src\main\AndroidManifest.xml:59:13-45
74            android:noHistory="false"
74-->src\main\AndroidManifest.xml:60:13-38
75            android:screenOrientation="portrait"
75-->src\main\AndroidManifest.xml:61:13-49
76            android:theme="@style/Theme.AppCompat.NoActionBar"
76-->src\main\AndroidManifest.xml:62:13-63
77            android:windowSoftInputMode="stateAlwaysHidden" />
77-->src\main\AndroidManifest.xml:63:13-60
78        <activity android:name="com.ganbook.activities.CustomAdsActivity" />
78-->src\main\AndroidManifest.xml:64:9-77
78-->src\main\AndroidManifest.xml:64:19-74
79        <activity
79-->src\main\AndroidManifest.xml:66:9-90:20
80            android:name="com.ganbook.activities.SplashActivity"
80-->src\main\AndroidManifest.xml:67:13-65
81            android:exported="true"
81-->src\main\AndroidManifest.xml:69:13-36
82            android:label="@string/app_name"
82-->src\main\AndroidManifest.xml:68:13-45
83            android:launchMode="standard"
83-->src\main\AndroidManifest.xml:70:13-42
84            android:noHistory="true"
84-->src\main\AndroidManifest.xml:71:13-37
85            android:screenOrientation="portrait"
85-->src\main\AndroidManifest.xml:72:13-49
86            android:theme="@style/Theme.AppCompat.NoActionBar" >
86-->src\main\AndroidManifest.xml:73:13-63
87            <intent-filter>
87-->src\main\AndroidManifest.xml:74:13-78:29
88                <action android:name="android.intent.action.MAIN" />
88-->src\main\AndroidManifest.xml:75:17-69
88-->src\main\AndroidManifest.xml:75:25-66
89
90                <category android:name="android.intent.category.LAUNCHER" />
90-->src\main\AndroidManifest.xml:77:17-77
90-->src\main\AndroidManifest.xml:77:27-74
91            </intent-filter>
92            <intent-filter>
92-->src\main\AndroidManifest.xml:79:13-89:29
93                <action android:name="android.intent.action.VIEW" />
93-->src\main\AndroidManifest.xml:80:17-69
93-->src\main\AndroidManifest.xml:80:25-66
94
95                <category android:name="android.intent.category.DEFAULT" />
95-->src\main\AndroidManifest.xml:82:17-76
95-->src\main\AndroidManifest.xml:82:27-73
96                <category android:name="android.intent.category.BROWSABLE" />
96-->src\main\AndroidManifest.xml:83:17-78
96-->src\main\AndroidManifest.xml:83:27-75
97
98                <data
98-->src\main\AndroidManifest.xml:85:17-88:46
99                    android:host="web.ganbook.co.il"
99-->src\main\AndroidManifest.xml:86:21-53
100                    android:pathPrefix="/url"
100-->src\main\AndroidManifest.xml:87:21-46
101                    android:scheme="https" />
101-->src\main\AndroidManifest.xml:88:21-43
102            </intent-filter>
103        </activity>
104        <activity
104-->src\main\AndroidManifest.xml:91:9-95:67
105            android:name="com.ganbook.activities.MainActivity"
105-->src\main\AndroidManifest.xml:92:13-63
106            android:configChanges="orientation|screenSize"
106-->src\main\AndroidManifest.xml:93:13-59
107            android:label="@string/app_name"
107-->src\main\AndroidManifest.xml:94:13-45
108            android:windowSoftInputMode="stateHidden|adjustPan" />
108-->src\main\AndroidManifest.xml:95:13-64
109        <activity
109-->src\main\AndroidManifest.xml:96:9-101:67
110            android:name="com.ganbook.activities.NewYearActivity"
110-->src\main\AndroidManifest.xml:97:13-66
111            android:label="@string/app_name"
111-->src\main\AndroidManifest.xml:98:13-45
112            android:screenOrientation="portrait"
112-->src\main\AndroidManifest.xml:99:13-49
113            android:theme="@style/Theme.AppCompat.NoActionBar"
113-->src\main\AndroidManifest.xml:100:13-63
114            android:windowSoftInputMode="stateHidden|adjustPan" />
114-->src\main\AndroidManifest.xml:101:13-64
115        <activity
115-->src\main\AndroidManifest.xml:102:9-106:67
116            android:name="com.ganbook.activities.NewYearEndScreenActivity"
116-->src\main\AndroidManifest.xml:103:13-75
117            android:label="@string/app_name"
117-->src\main\AndroidManifest.xml:104:13-45
118            android:screenOrientation="portrait"
118-->src\main\AndroidManifest.xml:105:13-49
119            android:windowSoftInputMode="stateHidden|adjustPan" />
119-->src\main\AndroidManifest.xml:106:13-64
120        <activity
120-->src\main\AndroidManifest.xml:107:9-115:20
121            android:name="com.ganbook.activities.CommentsActivity"
121-->src\main\AndroidManifest.xml:108:13-67
122            android:label="@string/app_name"
122-->src\main\AndroidManifest.xml:109:13-45
123            android:screenOrientation="portrait"
123-->src\main\AndroidManifest.xml:110:13-49
124            android:windowSoftInputMode="stateHidden|adjustPan" >
124-->src\main\AndroidManifest.xml:111:13-64
125            <meta-data
125-->src\main\AndroidManifest.xml:112:13-114:71
126                android:name="android.support.PARENT_ACTIVITY"
126-->src\main\AndroidManifest.xml:113:17-63
127                android:value="com.ganbook.activities.MainActivity" />
127-->src\main\AndroidManifest.xml:114:17-68
128        </activity>
129        <activity
129-->src\main\AndroidManifest.xml:116:9-122:67
130            android:name="com.ganbook.activities.TrimActivity"
130-->src\main\AndroidManifest.xml:117:13-63
131            android:hardwareAccelerated="false"
131-->src\main\AndroidManifest.xml:118:13-48
132            android:label="@string/app_name"
132-->src\main\AndroidManifest.xml:119:13-45
133            android:screenOrientation="portrait"
133-->src\main\AndroidManifest.xml:120:13-49
134            android:theme="@style/Theme.AppCompat.NoActionBar"
134-->src\main\AndroidManifest.xml:121:13-63
135            android:windowSoftInputMode="stateHidden|adjustPan" />
135-->src\main\AndroidManifest.xml:122:13-64
136        <activity
136-->src\main\AndroidManifest.xml:123:9-127:67
137            android:name="com.ganbook.activities.FavoriteActivity"
137-->src\main\AndroidManifest.xml:124:13-67
138            android:label="@string/app_name"
138-->src\main\AndroidManifest.xml:125:13-45
139            android:screenOrientation="portrait"
139-->src\main\AndroidManifest.xml:126:13-49
140            android:windowSoftInputMode="stateHidden|adjustPan" />
140-->src\main\AndroidManifest.xml:127:13-64
141        <activity
141-->src\main\AndroidManifest.xml:128:9-132:70
142            android:name="com.ganbook.activities.EditCommentActivity"
142-->src\main\AndroidManifest.xml:129:13-70
143            android:label="@string/app_name"
143-->src\main\AndroidManifest.xml:130:13-45
144            android:screenOrientation="portrait"
144-->src\main\AndroidManifest.xml:131:13-49
145            android:windowSoftInputMode="adjustResize|stateHidden" />
145-->src\main\AndroidManifest.xml:132:13-67
146        <activity
146-->src\main\AndroidManifest.xml:133:9-137:67
147            android:name="com.ganbook.activities.InviteParentsActivity"
147-->src\main\AndroidManifest.xml:134:13-72
148            android:label="@string/app_name"
148-->src\main\AndroidManifest.xml:135:13-45
149            android:screenOrientation="portrait"
149-->src\main\AndroidManifest.xml:136:13-49
150            android:windowSoftInputMode="stateHidden|adjustPan" />
150-->src\main\AndroidManifest.xml:137:13-64
151        <activity
151-->src\main\AndroidManifest.xml:138:9-143:67
152            android:name="com.ganbook.activities.LoginActivity"
152-->src\main\AndroidManifest.xml:139:13-64
153            android:label="@string/title_activity_login"
153-->src\main\AndroidManifest.xml:140:13-57
154            android:noHistory="false"
154-->src\main\AndroidManifest.xml:141:13-38
155            android:screenOrientation="portrait"
155-->src\main\AndroidManifest.xml:142:13-49
156            android:windowSoftInputMode="stateHidden|adjustPan" />
156-->src\main\AndroidManifest.xml:143:13-64
157        <activity
157-->src\main\AndroidManifest.xml:144:9-148:67
158            android:name="com.ganbook.activities.ParentDetailsActivity"
158-->src\main\AndroidManifest.xml:145:13-72
159            android:label="@string/title_activity_parent_details"
159-->src\main\AndroidManifest.xml:146:13-66
160            android:screenOrientation="portrait"
160-->src\main\AndroidManifest.xml:147:13-49
161            android:windowSoftInputMode="stateHidden|adjustPan" />
161-->src\main\AndroidManifest.xml:148:13-64
162        <activity
162-->src\main\AndroidManifest.xml:149:9-153:67
163            android:name="com.ganbook.activities.SelectPTAActivity"
163-->src\main\AndroidManifest.xml:150:13-68
164            android:label="@string/title_activity_parent_details"
164-->src\main\AndroidManifest.xml:151:13-66
165            android:screenOrientation="portrait"
165-->src\main\AndroidManifest.xml:152:13-49
166            android:windowSoftInputMode="stateHidden|adjustPan" />
166-->src\main\AndroidManifest.xml:153:13-64
167        <activity
167-->src\main\AndroidManifest.xml:154:9-165:20
168            android:name="com.ganbook.activities.SettingsActivity"
168-->src\main\AndroidManifest.xml:155:13-67
169            android:exported="false"
169-->src\main\AndroidManifest.xml:156:13-37
170            android:label="@string/title_activity_pta"
170-->src\main\AndroidManifest.xml:157:13-55
171            android:screenOrientation="portrait"
171-->src\main\AndroidManifest.xml:158:13-49
172            android:windowSoftInputMode="stateHidden|adjustPan" >
172-->src\main\AndroidManifest.xml:159:13-64
173            <intent-filter>
173-->src\main\AndroidManifest.xml:160:13-164:29
174                <action android:name="com.ganbook." />
174-->src\main\AndroidManifest.xml:161:17-55
174-->src\main\AndroidManifest.xml:161:25-52
175
176                <category android:name="android.intent.category.DEFAULT" />
176-->src\main\AndroidManifest.xml:82:17-76
176-->src\main\AndroidManifest.xml:82:27-73
177            </intent-filter>
178        </activity>
179        <activity
179-->src\main\AndroidManifest.xml:166:9-170:67
180            android:name="com.ganbook.activities.AddKidActivity"
180-->src\main\AndroidManifest.xml:167:13-65
181            android:label="@string/title_activity_class_name"
181-->src\main\AndroidManifest.xml:168:13-62
182            android:screenOrientation="portrait"
182-->src\main\AndroidManifest.xml:169:13-49
183            android:windowSoftInputMode="stateHidden|adjustPan" />
183-->src\main\AndroidManifest.xml:170:13-64
184        <activity
184-->src\main\AndroidManifest.xml:171:9-175:67
185            android:name="com.ganbook.activities.AddClassActivity"
185-->src\main\AndroidManifest.xml:172:13-67
186            android:label="@string/title_activity_class_name"
186-->src\main\AndroidManifest.xml:173:13-62
187            android:screenOrientation="portrait"
187-->src\main\AndroidManifest.xml:174:13-49
188            android:windowSoftInputMode="stateHidden|adjustPan" />
188-->src\main\AndroidManifest.xml:175:13-64
189        <activity
189-->src\main\AndroidManifest.xml:176:9-180:67
190            android:name="com.ganbook.activities.ChooseClassActivity"
190-->src\main\AndroidManifest.xml:177:13-70
191            android:label="@string/title_activity_class_name"
191-->src\main\AndroidManifest.xml:178:13-62
192            android:screenOrientation="portrait"
192-->src\main\AndroidManifest.xml:179:13-49
193            android:windowSoftInputMode="stateHidden|adjustPan" />
193-->src\main\AndroidManifest.xml:180:13-64
194        <activity
194-->src\main\AndroidManifest.xml:181:9-186:67
195            android:name="com.ganbook.activities.EnterEmailActivity"
195-->src\main\AndroidManifest.xml:182:13-69
196            android:label="@string/title_activity_enter_email"
196-->src\main\AndroidManifest.xml:183:13-63
197            android:noHistory="false"
197-->src\main\AndroidManifest.xml:184:13-38
198            android:screenOrientation="portrait"
198-->src\main\AndroidManifest.xml:185:13-49
199            android:windowSoftInputMode="stateHidden|adjustPan" />
199-->src\main\AndroidManifest.xml:186:13-64
200        <activity
200-->src\main\AndroidManifest.xml:187:9-192:67
201            android:name="com.ganbook.activities.PtaActivity"
201-->src\main\AndroidManifest.xml:188:13-62
202            android:label="@string/title_activity_enter_email"
202-->src\main\AndroidManifest.xml:189:13-63
203            android:noHistory="false"
203-->src\main\AndroidManifest.xml:190:13-38
204            android:screenOrientation="portrait"
204-->src\main\AndroidManifest.xml:191:13-49
205            android:windowSoftInputMode="stateHidden|adjustPan" />
205-->src\main\AndroidManifest.xml:192:13-64
206        <activity
206-->src\main\AndroidManifest.xml:193:9-196:41
207            android:name="com.ganbook.activities.SignupActivity"
207-->src\main\AndroidManifest.xml:194:13-65
208            android:label="@string/title_activity_registration"
208-->src\main\AndroidManifest.xml:195:13-64
209            android:noHistory="false" />
209-->src\main\AndroidManifest.xml:196:13-38
210        <activity
210-->src\main\AndroidManifest.xml:197:9-200:55
211            android:name="com.ganbook.activities.AddAlbumActivity"
211-->src\main\AndroidManifest.xml:198:13-67
212            android:label="@string/title_activity_enter_code"
212-->src\main\AndroidManifest.xml:199:13-62
213            android:windowSoftInputMode="adjustPan" />
213-->src\main\AndroidManifest.xml:200:13-52
214        <activity
214-->src\main\AndroidManifest.xml:201:9-204:55
215            android:name="com.ganbook.activities.DescriptionActivity"
215-->src\main\AndroidManifest.xml:202:13-70
216            android:label="@string/title_activity_enter_code"
216-->src\main\AndroidManifest.xml:203:13-62
217            android:windowSoftInputMode="adjustPan" />
217-->src\main\AndroidManifest.xml:204:13-52
218        <activity
218-->src\main\AndroidManifest.xml:205:9-207:65
219            android:name="com.ganbook.activities.EnterCodeActivity"
219-->src\main\AndroidManifest.xml:206:13-68
220            android:label="@string/title_activity_enter_code" />
220-->src\main\AndroidManifest.xml:207:13-62
221        <activity
221-->src\main\AndroidManifest.xml:208:9-210:66
222            android:name="com.ganbook.activities.WebViewActivity"
222-->src\main\AndroidManifest.xml:209:13-66
223            android:theme="@style/Theme.AppCompat.NoActionBar" />
223-->src\main\AndroidManifest.xml:210:13-63
224        <activity
224-->src\main\AndroidManifest.xml:211:9-213:64
225            android:name="com.ganbook.activities.RegistrationSucceededActivity"
225-->src\main\AndroidManifest.xml:212:13-80
226            android:label="@string/title_activity_add_child" />
226-->src\main\AndroidManifest.xml:213:13-61
227        <activity
227-->src\main\AndroidManifest.xml:214:9-216:59
228            android:name="com.ganbook.activities.ZoomActivity"
228-->src\main\AndroidManifest.xml:215:13-63
229            android:label="@string/title_activity_zoom" />
229-->src\main\AndroidManifest.xml:216:13-56
230        <activity
230-->src\main\AndroidManifest.xml:217:9-221:67
231            android:name="com.ganbook.activities.UpdateTeacherDetailsActivity"
231-->src\main\AndroidManifest.xml:218:13-79
232            android:label="@string/title_activity_zoom"
232-->src\main\AndroidManifest.xml:219:13-56
233            android:screenOrientation="portrait"
233-->src\main\AndroidManifest.xml:220:13-49
234            android:windowSoftInputMode="stateHidden|adjustPan" />
234-->src\main\AndroidManifest.xml:221:13-64
235        <activity
235-->src\main\AndroidManifest.xml:222:9-224:59
236            android:name="com.ganbook.activities.KindergartenDetailsActivity"
236-->src\main\AndroidManifest.xml:223:13-78
237            android:label="@string/title_activity_zoom" />
237-->src\main\AndroidManifest.xml:224:13-56
238        <activity
238-->src\main\AndroidManifest.xml:225:9-227:59
239            android:name="com.ganbook.activities.ChangePasswordActivity"
239-->src\main\AndroidManifest.xml:226:13-73
240            android:label="@string/title_activity_zoom" />
240-->src\main\AndroidManifest.xml:227:13-56
241        <activity
241-->src\main\AndroidManifest.xml:228:9-230:59
242            android:name="com.ganbook.activities.EventActivity"
242-->src\main\AndroidManifest.xml:229:13-64
243            android:label="@string/title_activity_zoom" />
243-->src\main\AndroidManifest.xml:230:13-56
244        <activity
244-->src\main\AndroidManifest.xml:231:9-233:59
245            android:name="com.ganbook.activities.AddEventActivity"
245-->src\main\AndroidManifest.xml:232:13-67
246            android:label="@string/title_activity_zoom" />
246-->src\main\AndroidManifest.xml:233:13-56
247        <activity
247-->src\main\AndroidManifest.xml:234:9-236:59
248            android:name="com.ganbook.activities.SelectKidsActivity"
248-->src\main\AndroidManifest.xml:235:13-69
249            android:label="@string/title_activity_zoom" />
249-->src\main\AndroidManifest.xml:236:13-56
250        <activity
250-->src\main\AndroidManifest.xml:237:9-240:58
251            android:name="com.ganbook.activities.AddMessageActivity"
251-->src\main\AndroidManifest.xml:238:13-69
252            android:label="@string/title_activity_zoom"
252-->src\main\AndroidManifest.xml:239:13-56
253            android:windowSoftInputMode="adjustResize" />
253-->src\main\AndroidManifest.xml:240:13-55
254        <activity
254-->src\main\AndroidManifest.xml:241:9-244:58
255            android:name="com.ganbook.activities.AlbumViewersActivity"
255-->src\main\AndroidManifest.xml:242:13-71
256            android:label="AlbumViewers"
256-->src\main\AndroidManifest.xml:243:13-41
257            android:windowSoftInputMode="adjustResize" />
257-->src\main\AndroidManifest.xml:244:13-55
258        <activity
258-->src\main\AndroidManifest.xml:245:9-248:55
259            android:name="com.ganbook.activities.DrawingInformationAdding"
259-->src\main\AndroidManifest.xml:246:13-75
260            android:label="add drawing"
260-->src\main\AndroidManifest.xml:247:13-40
261            android:windowSoftInputMode="adjustPan" />
261-->src\main\AndroidManifest.xml:248:13-52
262        <activity
262-->src\main\AndroidManifest.xml:249:9-251:43
263            android:name="com.ganbook.activities.UserAttachmentsActivity"
263-->src\main\AndroidManifest.xml:250:13-74
264            android:label="Attachments" />
264-->src\main\AndroidManifest.xml:251:13-40
265        <activity
265-->src\main\AndroidManifest.xml:252:9-261:20
266            android:name="com.luminous.pick.CustomGalleryActivity"
266-->src\main\AndroidManifest.xml:253:13-67
267            android:exported="false" >
267-->src\main\AndroidManifest.xml:254:13-37
268            <intent-filter>
268-->src\main\AndroidManifest.xml:255:13-260:29
269                <action android:name="luminous.ACTION_PICK" />
269-->src\main\AndroidManifest.xml:256:17-63
269-->src\main\AndroidManifest.xml:256:25-60
270                <action android:name="luminous.ACTION_MULTIPLE_PICK" />
270-->src\main\AndroidManifest.xml:257:17-72
270-->src\main\AndroidManifest.xml:257:25-69
271
272                <category android:name="android.intent.category.DEFAULT" />
272-->src\main\AndroidManifest.xml:82:17-76
272-->src\main\AndroidManifest.xml:82:27-73
273            </intent-filter>
274        </activity>
275        <activity
275-->src\main\AndroidManifest.xml:262:9-265:58
276            android:name="com.ganbook.activities.TutorialActivity"
276-->src\main\AndroidManifest.xml:263:13-67
277            android:label="Tutorial"
277-->src\main\AndroidManifest.xml:264:13-37
278            android:windowSoftInputMode="adjustResize" />
278-->src\main\AndroidManifest.xml:265:13-55
279        <activity
279-->src\main\AndroidManifest.xml:266:9-269:58
280            android:name="com.ganbook.activities.StudentListActivity"
280-->src\main\AndroidManifest.xml:267:13-70
281            android:label="Student list"
281-->src\main\AndroidManifest.xml:268:13-41
282            android:windowSoftInputMode="adjustResize" />
282-->src\main\AndroidManifest.xml:269:13-55
283        <activity
283-->src\main\AndroidManifest.xml:270:9-273:58
284            android:name="com.ganbook.activities.SingleStudentInfo"
284-->src\main\AndroidManifest.xml:271:13-68
285            android:label="Student info"
285-->src\main\AndroidManifest.xml:272:13-41
286            android:windowSoftInputMode="adjustResize" />
286-->src\main\AndroidManifest.xml:273:13-55
287        <activity
287-->src\main\AndroidManifest.xml:274:9-277:66
288            android:name="com.ganbook.activities.AttachmentWebView"
288-->src\main\AndroidManifest.xml:275:13-68
289            android:hardwareAccelerated="true"
289-->src\main\AndroidManifest.xml:276:13-47
290            android:theme="@style/Theme.AppCompat.NoActionBar" />
290-->src\main\AndroidManifest.xml:277:13-63
291        <activity
291-->src\main\AndroidManifest.xml:278:9-280:58
292            android:name="com.ganbook.activities.UploadAttachmentActivity"
292-->src\main\AndroidManifest.xml:279:13-75
293            android:windowSoftInputMode="adjustResize" />
293-->src\main\AndroidManifest.xml:280:13-55
294
295        <service android:name="com.ganbook.communication.upload.UploadService" />
295-->src\main\AndroidManifest.xml:282:9-82
295-->src\main\AndroidManifest.xml:282:18-79
296
297        <receiver
297-->src\main\AndroidManifest.xml:284:9-290:20
298            android:name="com.ganbook.connection.ConnectionStateListener"
298-->src\main\AndroidManifest.xml:285:13-74
299            android:exported="false" >
299-->src\main\AndroidManifest.xml:286:13-37
300            <intent-filter>
300-->src\main\AndroidManifest.xml:287:13-289:29
301                <action android:name="android.net.conn.JobScheduler" />